<?xml version="1.0" encoding="UTF-8"?>
<testsuite name="MinesweeperTest" tests="1" skipped="0" failures="0" errors="0" timestamp="2025-11-27T12:33:30" hostname="TRAYANA" time="0.278">
  <properties/>
  <testcase name="start" classname="MinesweeperTest" time="0.278"/>
  <system-out><![CDATA[?[1;31m
Start test 1?[0m
How many mines do you want on the field? > 1
...X.....
.........
.........
.........
.........
.........
.........
.........
.........
?[1;31m
Start test 2?[0m
How many mines do you want on the field? > 1
...X.....
.........
.........
.........
.........
.........
.........
.........
.........
?[1;31m
Start test 3?[0m
How many mines do you want on the field? > 2
.........
.........
.........
.........
........X
..X......
.........
.........
.........
?[1;31m
Start test 4?[0m
How many mines do you want on the field? > 2
.........
.........
.X..X....
.........
.........
.........
.........
.........
.........
?[1;31m
Start test 5?[0m
How many mines do you want on the field? > 3
........X
.........
.........
.........
.........
.........
.........
....X.X..
.........
?[1;31m
Start test 6?[0m
How many mines do you want on the field? > 3
......X..
.........
.X.......
....X....
.........
.........
.........
.........
.........
?[1;31m
Start test 7?[0m
How many mines do you want on the field? > 4
.........
.........
.........
.....X...
........X
.........
X........
.......X.
.........
?[1;31m
Start test 8?[0m
How many mines do you want on the field? > 4
X..X.....
...X.....
...X.....
.........
.........
.........
.........
.........
.........
?[1;31m
Start test 9?[0m
How many mines do you want on the field? > 5
.........
....X....
....X....
.........
.........
.......X.
.........
.X.X.....
.........
?[1;31m
Start test 10?[0m
How many mines do you want on the field? > 5
.........
..X......
.........
.......XX
..X..X...
.........
.........
.........
.........
?[1;31m
Start test 11?[0m
How many mines do you want on the field? > 6
...X.....
.........
.....X...
.........
.........
.........
......X..
......XX.
...X.....
?[1;31m
Start test 12?[0m
How many mines do you want on the field? > 6
.........
.........
....XX...
X...X....
.........
...X.....
.........
.........
X........
?[1;31m
Start test 13?[0m
How many mines do you want on the field? > 7
....X..X.
..X..X..X
.........
.........
.........
.........
.X.....X.
.........
.........
?[1;31m
Start test 14?[0m
How many mines do you want on the field? > 7
.X...X...
....X....
.X.......
.......X.
.......X.
.........
X........
.........
.........
?[1;31m
Start test 15?[0m
How many mines do you want on the field? > 8
........X
....X....
.........
...XX....
.X......X
........X
.X.......
.........
.........
?[1;31m
Start test 16?[0m
How many mines do you want on the field? > 8
...X.....
.........
......X..
...X.....
.........
........X
..XX.....
.........
.X......X
?[1;31m
Start test 17?[0m
How many mines do you want on the field? > 9
.........
......XX.
XXX......
.XX......
.........
.....X...
.........
.........
..X......
?[1;31m
Start test 18?[0m
How many mines do you want on the field? > 9
.........
.........
...X..X..
.........
XX....X..
.........
...X.....
.X...X...
...X.....
?[1;31m
Start test 19?[0m
How many mines do you want on the field? > 10
...X...X.
.........
...X.....
.....X...
.........
....X...X
.X..X....
........X
........X
?[1;31m
Start test 20?[0m
How many mines do you want on the field? > 10
..X.....X
.....X...
......X..
.X......X
.........
X...X....
..X......
.........
.....X...
?[1;31m
Start test 21?[0m
How many mines do you want on the field? > 11
..XX..X..
..X.X....
....X...X
.........
......X..
.X.......
........X
........X
.........
?[1;31m
Start test 22?[0m
How many mines do you want on the field? > 11
.X.......
.........
.........
...X.....
X........
....X....
......X.X
....X.XX.
..XX.....
?[1;31m
Start test 23?[0m
How many mines do you want on the field? > 12
X..XXX..X
..X......
........X
...X...X.
......X..
.........
.....X...
.........
X........
?[1;31m
Start test 24?[0m
How many mines do you want on the field? > 12
.........
XX......X
..XX.....
.........
X.....X..
X........
.X..X....
.........
X....X...
?[1;31m
Start test 25?[0m
How many mines do you want on the field? > 13
.X......X
...X....X
.......X.
X.....X..
.........
.X.X..X..
.......X.
....X....
.....X...
?[1;31m
Start test 26?[0m
How many mines do you want on the field? > 13
.X.......
.........
.........
.X.XX....
.......XX
...X..XX.
X..X.....
.........
X...X....
?[1;31m
Start test 27?[0m
How many mines do you want on the field? > 14
...X.X...
X...X....
...X.X.XX
..X......
.....X...
.........
.........
....X....
.X.X...X.
?[1;31m
Start test 28?[0m
How many mines do you want on the field? > 14
......X..
.....X...
.X...X...
.......X.
.XX..XX..
.X.......
..X..XX..
.........
.X.......
?[1;31m
Start test 29?[0m
How many mines do you want on the field? > 15
.......X.
.........
.........
.XX....X.
...X.X...
..X...X..
XXX...X..
...X....X
......X..
?[1;31m
Start test 30?[0m
How many mines do you want on the field? > 15
..X.....X
.........
.........
XX....X..
......X..
.....XX.X
..X......
.X.X.XX.X
.........
?[1;31m
Start test 31?[0m
How many mines do you want on the field? > 16
X...XX...
......XXX
........X
..X......
.....X...
.X.X.....
.X....XX.
.........
...X.X...
?[1;31m
Start test 32?[0m
How many mines do you want on the field? > 16
...X.X...
XX.....X.
.X......X
.X.......
X...X.XX.
.........
X.X.....X
........X
.........
?[1;31m
Start test 33?[0m
How many mines do you want on the field? > 17
.........
....X...X
X...X.X.X
X........
X........
......X..
....X.X..
X...X....
.XX....XX
?[1;31m
Start test 34?[0m
How many mines do you want on the field? > 17
.X.X.X..X
.........
.X....X..
X........
..X....X.
...X...XX
..X....X.
.......X.
....X..X.
?[1;31m
Start test 35?[0m
How many mines do you want on the field? > 18
X......X.
..X..X..X
X...X....
......XXX
..X.XX...
...XX....
.........
.X.X.....
...X.....
?[1;31m
Start test 36?[0m
How many mines do you want on the field? > 18
.X..X....
.XX...X..
.XX......
.......X.
....X.X..
.XX......
.....X...
..XXX....
.....X..X
?[1;31m
Start test 37?[0m
How many mines do you want on the field? > 19
..X......
....X..X.
......X..
X....X...
...X.X..X
X.X..XX..
X.X......
......X.X
....X..X.
?[1;31m
Start test 38?[0m
How many mines do you want on the field? > 19
..X....X.
.X.......
X..X.X...
X......X.
X...X.X.X
.....X...
.........
XXX.....X
...XX....
?[1;31m
Start test 39?[0m
How many mines do you want on the field? > 20
XXX..X...
......XX.
X.......X
..X...XX.
XX......X
X..X.....
.X.X....X
.........
......X..
?[1;31m
Start test 40?[0m
How many mines do you want on the field? > 20
.X..XXX..
...X...X.
....X....
X........
.........
X.X..XX.X
..X......
.XX.X....
.X.X....X
?[1;31m
Start test 41?[0m
How many mines do you want on the field? > 21
.......XX
.X.X.XX.X
........X
.X.XX.X..
......X..
...X...XX
.X.X.....
X......X.
...X.....
?[1;31m
Start test 42?[0m
How many mines do you want on the field? > 21
..X......
...X..X.X
.X.X.....
X...X....
..X..XX..
.X.XX..X.
.X..X....
XX.......
X....X...
?[1;31m
Start test 43?[0m
How many mines do you want on the field? > 22
..X......
XXX......
X.....XXX
.......XX
.X....XXX
....XX...
..X..X...
..X..XX..
X........
?[1;31m
Start test 44?[0m
How many mines do you want on the field? > 22
.X.......
X...X.X.X
..XXX....
...X..X..
.........
.X....X.X
.....XX.X
.X..X.X..
X.X....X.
?[1;31m
Start test 45?[0m
How many mines do you want on the field? > 23
..X..X..X
.XX.XX.X.
.XX..XX..
...XX...X
..XX.X...
..X......
......X..
..X..X...
....X....
?[1;31m
Start test 46?[0m
How many mines do you want on the field? > 23
X.X.X..XX
X...X....
........X
...X...X.
..X..X...
.XXX....X
XX.....X.
........X
X.X.....X
?[1;31m
Start test 47?[0m
How many mines do you want on the field? > 24
XX.X.X...
X.X.X....
.X.......
.X...X.X.
....X.X..
...X.X..X
XXX......
.....X..X
.....X.XX
?[1;31m
Start test 48?[0m
How many mines do you want on the field? > 24
XXXXX..X.
.X.X...X.
....XX...
......X..
...X.X...
..X....X.
.....X...
.XX...X.X
....XX..X
?[1;31m
Start test 49?[0m
How many mines do you want on the field? > 25
....X.X.X
..XX..X.X
X....XX..
..XX.X...
.X.......
.........
X.....X.X
XX.X.X..X
..XX.X...
?[1;31m
Start test 50?[0m
How many mines do you want on the field? > 25
XX...XX.X
...X.....
......X..
XX....X..
X.X......
.XXX..XX.
...X..X.X
X..X.....
.X..X.X..
?[1;31m
Start test 51?[0m
How many mines do you want on the field? > 26
.....X.XX
X.X..XX.X
...X..X..
X.X.X....
.....X...
...X.X...
..XX.....
.X..X.X.X
..X.XX..X
?[1;31m
Start test 52?[0m
How many mines do you want on the field? > 26
.XX....X.
..X......
.X.XXXXX.
.X.XX..XX
..X..X...
....X..XX
...X.....
XX.....X.
....X..X.
?[1;31m
Start test 53?[0m
How many mines do you want on the field? > 27
.........
......X.X
.........
X.......X
...XX..XX
.XXX.X.X.
X.XXXX.XX
.X...XXX.
.X..XX...
?[1;31m
Start test 54?[0m
How many mines do you want on the field? > 27
XXX.XX..X
...XX.X.X
X..X..X..
......X..
.X.X....X
XXX......
.X....X..
..XX.X...
....X..X.
?[1;31m
Start test 55?[0m
How many mines do you want on the field? > 28
.XX.X..XX
XX....X..
......X..
X..X.X...
XXX.XX...
...X..X..
X...XX..X
.X..X...X
X.X......
?[1;31m
Start test 56?[0m
How many mines do you want on the field? > 28
..XX.....
XX..X.X..
.XX.X..X.
....XXX..
XX..XX...
.X.X.X...
...X..X..
...X...XX
XX.....X.
?[1;31m
Start test 57?[0m
How many mines do you want on the field? > 29
..XXX...X
X...XXX..
...XX.X.X
X...XXX.X
...XX.X..
....X....
.X.X.X...
...XX...X
.X......X
?[1;31m
Start test 58?[0m
How many mines do you want on the field? > 29
..X..X...
....XX..X
.X..X.X..
.....X...
..X...X..
.XXX.X..X
X...X.XX.
.XX...X.X
X.XXXX...
?[1;31m
Start test 59?[0m
How many mines do you want on the field? > 30
.X.X....X
X...X...X
....X....
XX.XXXXX.
X.X.X....
......X..
.X.......
X....X.XX
X.XX.XXXX
?[1;31m
Start test 60?[0m
How many mines do you want on the field? > 30
....XXX..
......X.X
.X.......
XX.X...X.
.X.....XX
.X.XX.X..
.XX.X....
XXX.XX...
...XX.XXX
?[1;31m
Start test 61?[0m
How many mines do you want on the field? > 31
.X.XXX...
XX....XX.
..X.XX..X
X.X.X..X.
....X....
...X..XXX
..XX.X.X.
X.X...X..
X..X....X
?[1;31m
Start test 62?[0m
How many mines do you want on the field? > 31
...X.XXX.
........X
X.XX.X...
.XX.X..X.
X....X...
.X....XXX
X..X..X.X
X.X.X..X.
XX....X.X
?[1;31m
Start test 63?[0m
How many mines do you want on the field? > 32
XX..X..X.
....X....
X..X.....
X..X.X.X.
XXX....XX
.XX.X.X..
....XX.X.
.XXXXX..X
X...X..X.
?[1;31m
Start test 64?[0m
How many mines do you want on the field? > 32
.X.XX...X
.X...XX.X
X.....X..
X...X.X..
.X.X.....
X..XXX.X.
.XX...XXX
XX.XXX.X.
........X
?[1;31m
Start test 65?[0m
How many mines do you want on the field? > 33
..XX...XX
.X..XX.XX
X....X.X.
X..X..X..
X.X.X..XX
..X.....X
..XXX.X..
X.XXXX...
..XX.....
?[1;31m
Start test 66?[0m
How many mines do you want on the field? > 33
XX..X...X
..X..X...
X..X.....
X...XX..X
..X..XX..
XX.X...XX
...XX.X.X
....XXX.X
XXXX..X..
?[1;31m
Start test 67?[0m
How many mines do you want on the field? > 34
XX....X.X
...XX..X.
X..X.X.X.
X..X..X.X
X.X.X.XX.
.XXX..XX.
.XX...XX.
.X..XX...
..X..X...
?[1;31m
Start test 68?[0m
How many mines do you want on the field? > 34
...X..XX.
....X..XX
X...XXXX.
..X.XX.X.
.X.X.X.X.
X.X....X.
..X....XX
.XX.X.X.X
..X.X..XX
?[1;31m
Start test 69?[0m
How many mines do you want on the field? > 35
.X.X..X..
X..X..X.X
X.X...XXX
XXX......
..X..X.XX
.X......X
X...XX...
XX.XXXX.X
..XX.X.X.
?[1;31m
Start test 70?[0m
How many mines do you want on the field? > 35
XX.X.X...
X.XX.....
XXX......
.X....XXX
....XXX.X
.X.XX.X.X
.X.XXXX.X
.X...X.XX
...X..X..
?[1;31m
Start test 71?[0m
How many mines do you want on the field? > 36
...XX.X.X
XX.X.XXX.
.XXX.XXX.
.X.X..X..
....XXX..
.X....X..
....XX.X.
.XXX.....
XX.XXXX..
?[1;31m
Start test 72?[0m
How many mines do you want on the field? > 36
.X...X.XX
...XX.XXX
.X..X....
XXXXXX.X.
.X....X..
X..XX..XX
X.XX...XX
..X..X.X.
.X.X...X.
?[1;31m
Start test 73?[0m
How many mines do you want on the field? > 37
...X.X.X.
..XXX...X
.....XX.X
.XXXX...X
XXX..X...
XX...X...
XXXXXXXXX
.....XX.X
...X.X.X.
?[1;31m
Start test 74?[0m
How many mines do you want on the field? > 37
XX..X..XX
..X..X..X
X.X..X...
..X......
XXXX..X.X
.X..XXX.X
X..X..X..
.XXXXXXXX
..X...XX.
?[1;31m
Start test 75?[0m
How many mines do you want on the field? > 38
.....X.X.
.XXX.X.X.
.X.XX..X.
X..XXX.X.
...X..XXX
..X..XXX.
X.XXX....
XXXX.XXXX
.X....X..
?[1;31m
Start test 76?[0m
How many mines do you want on the field? > 38
X....XX..
...XXXXXX
.X...XX..
.X....X.X
X..X.X..X
XX.X..X..
X.X..X.X.
XXXXXXX..
XX.XX....
?[1;31m
Start test 77?[0m
How many mines do you want on the field? > 39
.X....X..
X..X.X...
XX..X..XX
XX....X..
X.XX.X.X.
.XX.X....
.XX..X.X.
XXXX.XXX.
XXX..XXXX
?[1;31m
Start test 78?[0m
How many mines do you want on the field? > 39
.XX...X..
XX..X.XX.
XXX.X.XXX
..XX..X..
X..X...XX
..X.XX.XX
..XX.XXX.
X.XX.X...
.X.X....X
?[1;31m
Start test 79?[0m
How many mines do you want on the field? > 40
...XX..XX
....X.XX.
.X.XXXXXX
.X.X.X..X
...X.X..X
.X.XX.X.X
.X.X.X...
XX..X..XX
XXX...XXX
?[1;31m
Start test 80?[0m
How many mines do you want on the field? > 40
XX..X....
X...X.X.X
X.XXXXXX.
X.X....X.
.X.X..XX.
..XXX....
XX.XXX...
..XX.XXXX
.XX...XXX
?[1;31m
Start test 81?[0m
How many mines do you want on the field? > 41
X...X....
X.XX.XX..
..XXX.XX.
X.X...X..
..X..XXXX
.X..XX.X.
X..XX.X.X
XXXXXXX.X
X....X.XX
?[1;31m
Start test 82?[0m
How many mines do you want on the field? > 41
..X...XX.
.X.X..X..
...X..X.X
...XXXX.X
XX..XX.XX
.X.X.XXX.
X.XXX.X..
....XX.XX
X.X.XXXXX
?[1;31m
Start test 83?[0m
How many mines do you want on the field? > 42
..XX..XXX
X.X..XXXX
.XXX.X..X
X....X.X.
X..X.XXX.
X..XXXX..
X..XX.X.X
XX..X.XXX
X..X.....
?[1;31m
Start test 84?[0m
How many mines do you want on the field? > 42
X..X.XXXX
.X.X.XXXX
.XXX.XX.X
.....XX..
X.X....XX
...XXX.X.
.X.XX.X..
XXXXXXX..
X....X.X.
?[1;31m
Start test 85?[0m
How many mines do you want on the field? > 43
X.X.XXX.X
X.X..X.X.
XX.XXXX..
..XX.X...
.XXXXXXX.
.X.X.X.X.
..X.X..X.
..XXXXX..
X..XXX..X
?[1;31m
Start test 86?[0m
How many mines do you want on the field? > 43
X...XXX..
.XX.XXX..
.XX...XX.
XXXX..X.X
XX.XX.X.X
X..XXX.X.
X...XX...
XX....X.X
X.X.XXX.X
?[1;31m
Start test 87?[0m
How many mines do you want on the field? > 44
X..X.XXXX
X.X..XXX.
XXX..XXX.
...XX..X.
.XX.XXX.X
.X...XX..
..XX.XX.X
XXXX.XX..
.XXX..X..
?[1;31m
Start test 88?[0m
How many mines do you want on the field? > 44
XXXXX..X.
XXXXXX.X.
.X...XX.X
.XX.X....
.X.....XX
.XX..XXXX
XXXXX.XX.
.X...X..X
...XXXX.X
?[1;31m
Start test 89?[0m
How many mines do you want on the field? > 45
X..X..X.X
.XXXXXXXX
XX......X
.XXXX..X.
.XXXXX..X
XX.....X.
.XXXX.XXX
.X......X
XXXXX.XX.
?[1;31m
Start test 90?[0m
How many mines do you want on the field? > 45
.X..XX..X
.X.XXX..X
XXX.X.X..
X..X.X.XX
.XX.X.XXX
X.X.X.XX.
XX.XX....
.X.XX..XX
XX.XX..XX
?[1;31m
Start test 91?[0m
How many mines do you want on the field? > 46
X.XX..X.X
.X.X.X.XX
.XXXX.XXX
..X.XXX..
.X..X.XX.
XX.XX.XX.
...XX...X
.XX..XXX.
.XXXXXX.X
?[1;31m
Start test 92?[0m
How many mines do you want on the field? > 46
XX.XX.XX.
XXXXXXXX.
...XX..X.
XX.XX.XXX
XX.X..X..
XX..X....
.X.XXX..X
XX.XXX..X
XX.X...X.
?[1;31m
Start test 93?[0m
How many mines do you want on the field? > 47
.XXXX.X.X
.XX..XXX.
XX.XXX.XX
X..X.X..X
XXXXXX.X.
.XX.XXX..
X....X...
.X.XX.X..
XXX.XX.XX
?[1;31m
Start test 94?[0m
How many mines do you want on the field? > 47
..X.....X
.XXXXX...
..X..XX.X
..XX.X.XX
.XXX.XXXX
.XXX.XX.X
XX.XXXX.X
.X.XX..XX
..XXXXXX.
?[1;31m
Start test 95?[0m
How many mines do you want on the field? > 48
XXXX.XX..
XXX....X.
XX....X.X
..X.XXX..
.XX.X.X.X
XXXX.X.XX
X..X..X..
X..XXX.XX
XXXXXXXXX
?[1;31m
Start test 96?[0m
How many mines do you want on the field? > 48
.XXX.XX.X
XX.XXXXX.
XX..XXXX.
XXX..XXXX
.X.X.X...
.XXXX.XXX
XXX...X..
.......XX
XXXX.X..X
?[1;31m
Start test 97?[0m
How many mines do you want on the field? > 49
X.X..XXXX
.XX.XX.XX
..XX..XXX
.X.X..X.X
.XXX...XX
XXXX.X...
XX.XX.XXX
..X.XX.X.
X.X.XXXXX
?[1;31m
Start test 98?[0m
How many mines do you want on the field? > 49
....XXXX.
XX.X.XXX.
X.XXX....
XXX.X..XX
XX..X.XXX
...XX.XX.
...XXXXXX
XXXXXXX..
XXX.X.X.X
?[1;31m
Start test 99?[0m
How many mines do you want on the field? > 50
..X.XXXX.
X.XXX..X.
..XXXXXXX
XXX..X..X
X.X.XXXX.
XX.XX..X.
XXX.X.X..
XXXX..XXX
X.X.XXX..
?[1;31m
Start test 100?[0m
How many mines do you want on the field? > 50
..X.....X
X..X.XXXX
XXXX.X.XX
.XX..XXX.
.X.X.XXXX
XXXX.XX.X
X.XX..XX.
X.XX.XXXX
XX..XX.X.
]]></system-out>
  <system-err><![CDATA[]]></system-err>
</testsuite>
